android/app/build/intermediates/manifest_merge_blame_file/release/processReleaseMainManifest/manifest-merger-blame-release-report.txt
1<?xml version="1.0" encoding="utf-8"?>
2<!-- Android manifest declaring Device Admin, foreground service, boot restart, and network permissions. -->
3<manifest xmlns:android="http://schemas.android.com/apk/res/android"
4    package="com.emilockercustomer"
5    android:versionCode="1"
6    android:versionName="1.0" >
7
8    <uses-sdk
9        android:minSdkVersion="28"
10        android:targetSdkVersion="35" />
11
12    <uses-permission android:name="android.permission.INTERNET" />
12-->src\main\AndroidManifest.xml:3:5-67
12-->src\main\AndroidManifest.xml:3:22-64
13    <uses-permission android:name="android.permission.BIND_DEVICE_ADMIN" />
13-->src\main\AndroidManifest.xml:4:5-76
13-->src\main\AndroidManifest.xml:4:22-73
14    <uses-permission android:name="android.permission.RECEIVE_BOOT_COMPLETED" />
14-->src\main\AndroidManifest.xml:5:5-81
14-->src\main\AndroidManifest.xml:5:22-78
15    <uses-permission android:name="android.permission.FOREGROUND_SERVICE" />
15-->src\main\AndroidManifest.xml:6:5-77
15-->src\main\AndroidManifest.xml:6:22-74
16    <uses-permission android:name="android.permission.FOREGROUND_SERVICE_DATA_SYNC" />
16-->src\main\AndroidManifest.xml:7:5-87
16-->src\main\AndroidManifest.xml:7:22-84
17    <uses-permission android:name="android.permission.FOREGROUND_SERVICE_CONNECTED_DEVICE" />
17-->src\main\AndroidManifest.xml:8:5-94
17-->src\main\AndroidManifest.xml:8:22-91
18    <uses-permission android:name="android.permission.READ_PHONE_STATE" />
18-->src\main\AndroidManifest.xml:9:5-75
18-->src\main\AndroidManifest.xml:9:22-72
19    <uses-permission android:name="android.permission.POST_NOTIFICATIONS" />
19-->src\main\AndroidManifest.xml:10:5-77
19-->src\main\AndroidManifest.xml:10:22-74
20    <uses-permission android:name="android.permission.WAKE_LOCK" />
20-->[:react-native-firebase_messaging] AndroidManifest.xml:8:5-68
20-->[:react-native-firebase_messaging] AndroidManifest.xml:8:22-65
21    <uses-permission android:name="android.permission.ACCESS_NETWORK_STATE" />
21-->[:react-native-firebase_messaging] AndroidManifest.xml:9:5-79
21-->[:react-native-firebase_messaging] AndroidManifest.xml:9:22-76
22    <uses-permission android:name="android.permission.WRITE_EXTERNAL_STORAGE" />
22-->[:react-native-fs] AndroidManifest.xml:7:5-81
22-->[:react-native-fs] AndroidManifest.xml:7:22-78
23    <uses-permission android:name="android.permission.READ_EXTERNAL_STORAGE" /> <!-- Required by older versions of Google Play services to create IID tokens -->
24    <uses-permission android:name="com.google.android.c2dm.permission.RECEIVE" />
24-->[com.google.firebase:firebase-messaging:24.1.0] AndroidManifest.xml:26:5-82
24-->[com.google.firebase:firebase-messaging:24.1.0] AndroidManifest.xml:26:22-79
25
26    <permission
26-->[androidx.core:core:1.13.1] AndroidManifest.xml:22:5-24:47
27        android:name="com.emilockercustomer.DYNAMIC_RECEIVER_NOT_EXPORTED_PERMISSION"
27-->[androidx.core:core:1.13.1] AndroidManifest.xml:23:9-81
28        android:protectionLevel="signature" />
28-->[androidx.core:core:1.13.1] AndroidManifest.xml:24:9-44
29
30    <uses-permission android:name="com.emilockercustomer.DYNAMIC_RECEIVER_NOT_EXPORTED_PERMISSION" />
30-->[androidx.core:core:1.13.1] AndroidManifest.xml:26:5-97
30-->[androidx.core:core:1.13.1] AndroidManifest.xml:26:22-94
31
32    <application
32-->src\main\AndroidManifest.xml:12:5-84:19
33        android:name="com.emilockercustomer.MainApplication"
33-->src\main\AndroidManifest.xml:13:9-40
34        android:allowBackup="false"
34-->src\main\AndroidManifest.xml:14:9-36
35        android:appComponentFactory="androidx.core.app.CoreComponentFactory"
35-->[androidx.core:core:1.13.1] AndroidManifest.xml:28:18-86
36        android:extractNativeLibs="true"
37        android:icon="@drawable/ic_launcher"
37-->src\main\AndroidManifest.xml:15:9-45
38        android:label="CORA Customer"
38-->src\main\AndroidManifest.xml:16:9-38
39        android:theme="@style/AppTheme"
39-->src\main\AndroidManifest.xml:17:9-40
40        android:usesCleartextTraffic="true" >
40-->src\main\AndroidManifest.xml:18:9-44
41        <activity
41-->src\main\AndroidManifest.xml:20:9-31:20
42            android:name="com.emilockercustomer.MainActivity"
42-->src\main\AndroidManifest.xml:21:13-41
43            android:configChanges="keyboard|keyboardHidden|orientation|screenLayout|screenSize|smallestScreenSize|uiMode"
43-->src\main\AndroidManifest.xml:22:13-122
44            android:exported="true"
44-->src\main\AndroidManifest.xml:23:13-36
45            android:launchMode="singleTask"
45-->src\main\AndroidManifest.xml:24:13-44
46            android:screenOrientation="portrait"
46-->src\main\AndroidManifest.xml:25:13-49
47            android:windowSoftInputMode="adjustResize" >
47-->src\main\AndroidManifest.xml:26:13-55
48            <intent-filter>
48-->src\main\AndroidManifest.xml:27:13-30:29
49                <action android:name="android.intent.action.MAIN" />
49-->src\main\AndroidManifest.xml:28:17-69
49-->src\main\AndroidManifest.xml:28:25-66
50
51                <category android:name="android.intent.category.LAUNCHER" />
51-->src\main\AndroidManifest.xml:29:17-77
51-->src\main\AndroidManifest.xml:29:27-74
52            </intent-filter>
53        </activity>
54        <activity
54-->src\main\AndroidManifest.xml:33:9-42:20
55            android:name="com.emilockercustomer.ProvisioningModeActivity"
55-->src\main\AndroidManifest.xml:34:13-53
56            android:exported="true"
56-->src\main\AndroidManifest.xml:35:13-36
57            android:permission="android.permission.BIND_DEVICE_ADMIN"
57-->src\main\AndroidManifest.xml:36:13-70
58            android:theme="@android:style/Theme.NoDisplay" >
58-->src\main\AndroidManifest.xml:37:13-59
59            <intent-filter>
59-->src\main\AndroidManifest.xml:38:13-41:29
60                <action android:name="android.app.action.GET_PROVISIONING_MODE" />
60-->src\main\AndroidManifest.xml:39:17-83
60-->src\main\AndroidManifest.xml:39:25-80
61
62                <category android:name="android.intent.category.DEFAULT" />
62-->src\main\AndroidManifest.xml:40:17-76
62-->src\main\AndroidManifest.xml:40:27-73
63            </intent-filter>
64        </activity>
65        <activity
65-->src\main\AndroidManifest.xml:44:9-53:20
66            android:name="com.emilockercustomer.AdminPolicyComplianceActivity"
66-->src\main\AndroidManifest.xml:45:13-58
67            android:exported="true"
67-->src\main\AndroidManifest.xml:46:13-36
68            android:permission="android.permission.BIND_DEVICE_ADMIN"
68-->src\main\AndroidManifest.xml:47:13-70
69            android:theme="@android:style/Theme.NoDisplay" >
69-->src\main\AndroidManifest.xml:48:13-59
70            <intent-filter>
70-->src\main\AndroidManifest.xml:49:13-52:29
71                <action android:name="android.app.action.ADMIN_POLICY_COMPLIANCE" />
71-->src\main\AndroidManifest.xml:50:17-85
71-->src\main\AndroidManifest.xml:50:25-82
72
73                <category android:name="android.intent.category.DEFAULT" />
73-->src\main\AndroidManifest.xml:40:17-76
73-->src\main\AndroidManifest.xml:40:27-73
74            </intent-filter>
75        </activity>
76
77        <receiver
77-->src\main\AndroidManifest.xml:55:9-68:20
78            android:name="com.emilockercustomer.DeviceAdminReceiver"
78-->src\main\AndroidManifest.xml:56:13-48
79            android:description="@string/device_admin_description"
79-->src\main\AndroidManifest.xml:57:13-67
80            android:exported="true"
80-->src\main\AndroidManifest.xml:58:13-36
81            android:label="@string/device_admin_label"
81-->src\main\AndroidManifest.xml:59:13-55
82            android:permission="android.permission.BIND_DEVICE_ADMIN" >
82-->src\main\AndroidManifest.xml:60:13-70
83            <meta-data
83-->src\main\AndroidManifest.xml:61:13-63:56
84                android:name="android.app.device_admin"
84-->src\main\AndroidManifest.xml:62:17-56
85                android:resource="@xml/device_admin" />
85-->src\main\AndroidManifest.xml:63:17-53
86
87            <intent-filter>
87-->src\main\AndroidManifest.xml:64:13-67:29
88                <action android:name="android.app.action.DEVICE_ADMIN_ENABLED" />
88-->src\main\AndroidManifest.xml:65:17-82
88-->src\main\AndroidManifest.xml:65:25-79
89                <action android:name="android.app.action.PROFILE_PROVISIONING_COMPLETE" />
89-->src\main\AndroidManifest.xml:66:17-91
89-->src\main\AndroidManifest.xml:66:25-88
90            </intent-filter>
91        </receiver>
92        <receiver
92-->src\main\AndroidManifest.xml:70:9-77:20
93            android:name="com.emilockercustomer.BootReceiver"
93-->src\main\AndroidManifest.xml:71:13-41
94            android:enabled="true"
94-->src\main\AndroidManifest.xml:72:13-35
95            android:exported="true" >
95-->src\main\AndroidManifest.xml:73:13-36
96            <intent-filter>
96-->src\main\AndroidManifest.xml:74:13-76:29
97                <action android:name="android.intent.action.BOOT_COMPLETED" />
97-->src\main\AndroidManifest.xml:75:17-79
97-->src\main\AndroidManifest.xml:75:25-76
98            </intent-filter>
99        </receiver>
100
101        <service
101-->src\main\AndroidManifest.xml:79:9-83:63
102            android:name="com.emilockercustomer.LockForegroundService"
102-->src\main\AndroidManifest.xml:80:13-50
103            android:enabled="true"
103-->src\main\AndroidManifest.xml:81:13-35
104            android:exported="false"
104-->src\main\AndroidManifest.xml:82:13-37
105            android:foregroundServiceType="connectedDevice" />
105-->src\main\AndroidManifest.xml:83:13-60
106        <service
106-->[:react-native-firebase_messaging] AndroidManifest.xml:12:9-14:40
107            android:name="io.invertase.firebase.messaging.ReactNativeFirebaseMessagingHeadlessService"
107-->[:react-native-firebase_messaging] AndroidManifest.xml:13:13-103
108            android:exported="false" />
108-->[:react-native-firebase_messaging] AndroidManifest.xml:14:13-37
109        <service
109-->[:react-native-firebase_messaging] AndroidManifest.xml:15:9-21:19
110            android:name="io.invertase.firebase.messaging.ReactNativeFirebaseMessagingService"
110-->[:react-native-firebase_messaging] AndroidManifest.xml:16:13-95
111            android:exported="false" >
111-->[:react-native-firebase_messaging] AndroidManifest.xml:17:13-37
112            <intent-filter>
112-->[:react-native-firebase_messaging] AndroidManifest.xml:18:13-20:29
113                <action android:name="com.google.firebase.MESSAGING_EVENT" />
113-->[:react-native-firebase_messaging] AndroidManifest.xml:19:17-78
113-->[:react-native-firebase_messaging] AndroidManifest.xml:19:25-75
114            </intent-filter>
115        </service>
116
117        <receiver
117-->[:react-native-firebase_messaging] AndroidManifest.xml:23:9-30:20
118            android:name="io.invertase.firebase.messaging.ReactNativeFirebaseMessagingReceiver"
118-->[:react-native-firebase_messaging] AndroidManifest.xml:24:13-96
119            android:exported="true"
119-->[:react-native-firebase_messaging] AndroidManifest.xml:25:13-36
120            android:permission="com.google.android.c2dm.permission.SEND" >
120-->[:react-native-firebase_messaging] AndroidManifest.xml:26:13-73
121            <intent-filter>
121-->[:react-native-firebase_messaging] AndroidManifest.xml:27:13-29:29
122                <action android:name="com.google.android.c2dm.intent.RECEIVE" />
122-->[:react-native-firebase_messaging] AndroidManifest.xml:28:17-81
122-->[:react-native-firebase_messaging] AndroidManifest.xml:28:25-78
123            </intent-filter>
124        </receiver>
125
126        <meta-data
126-->[:react-native-firebase_messaging] AndroidManifest.xml:32:9-34:36
127            android:name="firebase_messaging_auto_init_enabled"
127-->[:react-native-firebase_messaging] AndroidManifest.xml:33:13-64
128            android:value="true" />
128-->[:react-native-firebase_messaging] AndroidManifest.xml:34:13-33
129        <meta-data
129-->[:react-native-firebase_messaging] AndroidManifest.xml:35:9-37:32
130            android:name="com.google.firebase.messaging.default_notification_channel_id"
130-->[:react-native-firebase_messaging] AndroidManifest.xml:36:13-89
131            android:value="" />
131-->[:react-native-firebase_messaging] AndroidManifest.xml:37:13-29
132        <meta-data
132-->[:react-native-firebase_messaging] AndroidManifest.xml:38:9-40:47
133            android:name="com.google.firebase.messaging.default_notification_color"
133-->[:react-native-firebase_messaging] AndroidManifest.xml:39:13-84
134            android:resource="@color/white" />
134-->[:react-native-firebase_messaging] AndroidManifest.xml:40:13-44
135        <meta-data
135-->[:react-native-firebase_app] AndroidManifest.xml:9:9-11:36
136            android:name="app_data_collection_default_enabled"
136-->[:react-native-firebase_app] AndroidManifest.xml:10:13-63
137            android:value="true" />
137-->[:react-native-firebase_app] AndroidManifest.xml:11:13-33
138
139        <service
139-->[:react-native-firebase_app] AndroidManifest.xml:13:9-21:19
140            android:name="com.google.firebase.components.ComponentDiscoveryService"
140-->[:react-native-firebase_app] AndroidManifest.xml:14:13-84
141            android:directBootAware="true"
141-->[:react-native-firebase_app] AndroidManifest.xml:15:13-43
142            android:exported="false" >
142-->[:react-native-firebase_app] AndroidManifest.xml:16:13-37
143            <meta-data
143-->[:react-native-firebase_app] AndroidManifest.xml:18:13-20:85
144                android:name="com.google.firebase.components:io.invertase.firebase.app.ReactNativeFirebaseAppRegistrar"
144-->[:react-native-firebase_app] AndroidManifest.xml:19:17-120
145                android:value="com.google.firebase.components.ComponentRegistrar" />
145-->[:react-native-firebase_app] AndroidManifest.xml:20:17-82
146            <meta-data
146-->[com.google.firebase:firebase-messaging:24.1.0] AndroidManifest.xml:57:13-59:85
147                android:name="com.google.firebase.components:com.google.firebase.messaging.FirebaseMessagingKtxRegistrar"
147-->[com.google.firebase:firebase-messaging:24.1.0] AndroidManifest.xml:58:17-122
148                android:value="com.google.firebase.components.ComponentRegistrar" />
148-->[com.google.firebase:firebase-messaging:24.1.0] AndroidManifest.xml:59:17-82
149            <meta-data
149-->[com.google.firebase:firebase-messaging:24.1.0] AndroidManifest.xml:60:13-62:85
150                android:name="com.google.firebase.components:com.google.firebase.messaging.FirebaseMessagingRegistrar"
150-->[com.google.firebase:firebase-messaging:24.1.0] AndroidManifest.xml:61:17-119
151                android:value="com.google.firebase.components.ComponentRegistrar" />
151-->[com.google.firebase:firebase-messaging:24.1.0] AndroidManifest.xml:62:17-82
152            <meta-data
152-->[com.google.firebase:firebase-installations:18.0.0] AndroidManifest.xml:15:13-17:85
153                android:name="com.google.firebase.components:com.google.firebase.installations.FirebaseInstallationsKtxRegistrar"
153-->[com.google.firebase:firebase-installations:18.0.0] AndroidManifest.xml:16:17-130
154                android:value="com.google.firebase.components.ComponentRegistrar" />
154-->[com.google.firebase:firebase-installations:18.0.0] AndroidManifest.xml:17:17-82
155            <meta-data
155-->[com.google.firebase:firebase-installations:18.0.0] AndroidManifest.xml:18:13-20:85
156                android:name="com.google.firebase.components:com.google.firebase.installations.FirebaseInstallationsRegistrar"
156-->[com.google.firebase:firebase-installations:18.0.0] AndroidManifest.xml:19:17-127
157                android:value="com.google.firebase.components.ComponentRegistrar" />
157-->[com.google.firebase:firebase-installations:18.0.0] AndroidManifest.xml:20:17-82
158            <meta-data
158-->[com.google.firebase:firebase-common-ktx:21.0.0] AndroidManifest.xml:12:13-14:85
159                android:name="com.google.firebase.components:com.google.firebase.ktx.FirebaseCommonLegacyRegistrar"
159-->[com.google.firebase:firebase-common-ktx:21.0.0] AndroidManifest.xml:13:17-116
160                android:value="com.google.firebase.components.ComponentRegistrar" />
160-->[com.google.firebase:firebase-common-ktx:21.0.0] AndroidManifest.xml:14:17-82
161            <meta-data
161-->[com.google.firebase:firebase-common:21.0.0] AndroidManifest.xml:35:13-37:85
162                android:name="com.google.firebase.components:com.google.firebase.FirebaseCommonKtxRegistrar"
162-->[com.google.firebase:firebase-common:21.0.0] AndroidManifest.xml:36:17-109
163                android:value="com.google.firebase.components.ComponentRegistrar" />
163-->[com.google.firebase:firebase-common:21.0.0] AndroidManifest.xml:37:17-82
164            <meta-data
164-->[com.google.firebase:firebase-datatransport:18.2.0] AndroidManifest.xml:25:13-27:85
165                android:name="com.google.firebase.components:com.google.firebase.datatransport.TransportRegistrar"
165-->[com.google.firebase:firebase-datatransport:18.2.0] AndroidManifest.xml:26:17-115
166                android:value="com.google.firebase.components.ComponentRegistrar" />
166-->[com.google.firebase:firebase-datatransport:18.2.0] AndroidManifest.xml:27:17-82
167        </service>
168
169        <provider
169-->[:react-native-firebase_app] AndroidManifest.xml:23:9-27:38
170            android:name="io.invertase.firebase.app.ReactNativeFirebaseAppInitProvider"
170-->[:react-native-firebase_app] AndroidManifest.xml:24:13-88
171            android:authorities="com.emilockercustomer.reactnativefirebaseappinitprovider"
171-->[:react-native-firebase_app] AndroidManifest.xml:25:13-86
172            android:exported="false"
172-->[:react-native-firebase_app] AndroidManifest.xml:26:13-37
173            android:initOrder="99" />
173-->[:react-native-firebase_app] AndroidManifest.xml:27:13-35
174
175        <activity android:name="com.masteratul.exceptionhandler.DefaultErrorScreen" >
175-->[:react-native-exception-handler] AndroidManifest.xml:8:9-9:20
175-->[:react-native-exception-handler] AndroidManifest.xml:8:19-84
176        </activity>
177        <activity
177-->[com.google.android.gms:play-services-auth:21.2.0] AndroidManifest.xml:23:9-27:75
178            android:name="com.google.android.gms.auth.api.signin.internal.SignInHubActivity"
178-->[com.google.android.gms:play-services-auth:21.2.0] AndroidManifest.xml:24:13-93
179            android:excludeFromRecents="true"
179-->[com.google.android.gms:play-services-auth:21.2.0] AndroidManifest.xml:25:13-46
180            android:exported="false"
180-->[com.google.android.gms:play-services-auth:21.2.0] AndroidManifest.xml:26:13-37
181            android:theme="@android:style/Theme.Translucent.NoTitleBar" />
181-->[com.google.android.gms:play-services-auth:21.2.0] AndroidManifest.xml:27:13-72
182        <!--
183            Service handling Google Sign-In user revocation. For apps that do not integrate with
184            Google Sign-In, this service will never be started.
185        -->
186        <service
186-->[com.google.android.gms:play-services-auth:21.2.0] AndroidManifest.xml:33:9-37:51
187            android:name="com.google.android.gms.auth.api.signin.RevocationBoundService"
187-->[com.google.android.gms:play-services-auth:21.2.0] AndroidManifest.xml:34:13-89
188            android:exported="true"
188-->[com.google.android.gms:play-services-auth:21.2.0] AndroidManifest.xml:35:13-36
189            android:permission="com.google.android.gms.auth.api.signin.permission.REVOCATION_NOTIFICATION"
189-->[com.google.android.gms:play-services-auth:21.2.0] AndroidManifest.xml:36:13-107
190            android:visibleToInstantApps="true" />
190-->[com.google.android.gms:play-services-auth:21.2.0] AndroidManifest.xml:37:13-48
191
192        <receiver
192-->[com.google.firebase:firebase-messaging:24.1.0] AndroidManifest.xml:29:9-40:20
193            android:name="com.google.firebase.iid.FirebaseInstanceIdReceiver"
193-->[com.google.firebase:firebase-messaging:24.1.0] AndroidManifest.xml:30:13-78
194            android:exported="true"
194-->[com.google.firebase:firebase-messaging:24.1.0] AndroidManifest.xml:31:13-36
195            android:permission="com.google.android.c2dm.permission.SEND" >
195-->[com.google.firebase:firebase-messaging:24.1.0] AndroidManifest.xml:32:13-73
196            <intent-filter>
196-->[:react-native-firebase_messaging] AndroidManifest.xml:27:13-29:29
197                <action android:name="com.google.android.c2dm.intent.RECEIVE" />
197-->[:react-native-firebase_messaging] AndroidManifest.xml:28:17-81
197-->[:react-native-firebase_messaging] AndroidManifest.xml:28:25-78
198            </intent-filter>
199
200            <meta-data
200-->[com.google.firebase:firebase-messaging:24.1.0] AndroidManifest.xml:37:13-39:40
201                android:name="com.google.android.gms.cloudmessaging.FINISHED_AFTER_HANDLED"
201-->[com.google.firebase:firebase-messaging:24.1.0] AndroidManifest.xml:38:17-92
202                android:value="true" />
202-->[com.google.firebase:firebase-messaging:24.1.0] AndroidManifest.xml:39:17-37
203        </receiver>
204        <!--
205             FirebaseMessagingService performs security checks at runtime,
206             but set to not exported to explicitly avoid allowing another app to call it.
207        -->
208        <service
208-->[com.google.firebase:firebase-messaging:24.1.0] AndroidManifest.xml:46:9-53:19
209            android:name="com.google.firebase.messaging.FirebaseMessagingService"
209-->[com.google.firebase:firebase-messaging:24.1.0] AndroidManifest.xml:47:13-82
210            android:directBootAware="true"
210-->[com.google.firebase:firebase-messaging:24.1.0] AndroidManifest.xml:48:13-43
211            android:exported="false" >
211-->[com.google.firebase:firebase-messaging:24.1.0] AndroidManifest.xml:49:13-37
212            <intent-filter android:priority="-500" >
212-->[:react-native-firebase_messaging] AndroidManifest.xml:18:13-20:29
213                <action android:name="com.google.firebase.MESSAGING_EVENT" />
213-->[:react-native-firebase_messaging] AndroidManifest.xml:19:17-78
213-->[:react-native-firebase_messaging] AndroidManifest.xml:19:25-75
214            </intent-filter>
215        </service>
216
217        <activity
217-->[com.google.android.gms:play-services-base:18.3.0] AndroidManifest.xml:20:9-22:45
218            android:name="com.google.android.gms.common.api.GoogleApiActivity"
218-->[com.google.android.gms:play-services-base:18.3.0] AndroidManifest.xml:20:19-85
219            android:exported="false"
219-->[com.google.android.gms:play-services-base:18.3.0] AndroidManifest.xml:22:19-43
220            android:theme="@android:style/Theme.Translucent.NoTitleBar" />
220-->[com.google.android.gms:play-services-base:18.3.0] AndroidManifest.xml:21:19-78
221
222        <provider
222-->[com.google.firebase:firebase-common:21.0.0] AndroidManifest.xml:23:9-28:39
223            android:name="com.google.firebase.provider.FirebaseInitProvider"
223-->[com.google.firebase:firebase-common:21.0.0] AndroidManifest.xml:24:13-77
224            android:authorities="com.emilockercustomer.firebaseinitprovider"
224-->[com.google.firebase:firebase-common:21.0.0] AndroidManifest.xml:25:13-72
225            android:directBootAware="true"
225-->[com.google.firebase:firebase-common:21.0.0] AndroidManifest.xml:26:13-43
226            android:exported="false"
226-->[com.google.firebase:firebase-common:21.0.0] AndroidManifest.xml:27:13-37
227            android:initOrder="100" />
227-->[com.google.firebase:firebase-common:21.0.0] AndroidManifest.xml:28:13-36
228        <provider
228-->[androidx.emoji2:emoji2:1.3.0] AndroidManifest.xml:24:9-32:20
229            android:name="androidx.startup.InitializationProvider"
229-->[androidx.emoji2:emoji2:1.3.0] AndroidManifest.xml:25:13-67
230            android:authorities="com.emilockercustomer.androidx-startup"
230-->[androidx.emoji2:emoji2:1.3.0] AndroidManifest.xml:26:13-68
231            android:exported="false" >
231-->[androidx.emoji2:emoji2:1.3.0] AndroidManifest.xml:27:13-37
232            <meta-data
232-->[androidx.emoji2:emoji2:1.3.0] AndroidManifest.xml:29:13-31:52
233                android:name="androidx.emoji2.text.EmojiCompatInitializer"
233-->[androidx.emoji2:emoji2:1.3.0] AndroidManifest.xml:30:17-75
234                android:value="androidx.startup" />
234-->[androidx.emoji2:emoji2:1.3.0] AndroidManifest.xml:31:17-49
235            <meta-data
235-->[androidx.lifecycle:lifecycle-process:2.6.2] AndroidManifest.xml:29:13-31:52
236                android:name="androidx.lifecycle.ProcessLifecycleInitializer"
236-->[androidx.lifecycle:lifecycle-process:2.6.2] AndroidManifest.xml:30:17-78
237                android:value="androidx.startup" />
237-->[androidx.lifecycle:lifecycle-process:2.6.2] AndroidManifest.xml:31:17-49
238            <meta-data
238-->[androidx.profileinstaller:profileinstaller:1.3.1] AndroidManifest.xml:29:13-31:52
239                android:name="androidx.profileinstaller.ProfileInstallerInitializer"
239-->[androidx.profileinstaller:profileinstaller:1.3.1] AndroidManifest.xml:30:17-85
240                android:value="androidx.startup" />
240-->[androidx.profileinstaller:profileinstaller:1.3.1] AndroidManifest.xml:31:17-49
241        </provider>
242
243        <meta-data
243-->[com.google.android.gms:play-services-basement:18.3.0] AndroidManifest.xml:21:9-23:69
244            android:name="com.google.android.gms.version"
244-->[com.google.android.gms:play-services-basement:18.3.0] AndroidManifest.xml:22:13-58
245            android:value="@integer/google_play_services_version" />
245-->[com.google.android.gms:play-services-basement:18.3.0] AndroidManifest.xml:23:13-66
246
247        <receiver
247-->[androidx.profileinstaller:profileinstaller:1.3.1] AndroidManifest.xml:34:9-52:20
248            android:name="androidx.profileinstaller.ProfileInstallReceiver"
248-->[androidx.profileinstaller:profileinstaller:1.3.1] AndroidManifest.xml:35:13-76
249            android:directBootAware="false"
249-->[androidx.profileinstaller:profileinstaller:1.3.1] AndroidManifest.xml:36:13-44
250            android:enabled="true"
250-->[androidx.profileinstaller:profileinstaller:1.3.1] AndroidManifest.xml:37:13-35
251            android:exported="true"
251-->[androidx.profileinstaller:profileinstaller:1.3.1] AndroidManifest.xml:38:13-36
252            android:permission="android.permission.DUMP" >
252-->[androidx.profileinstaller:profileinstaller:1.3.1] AndroidManifest.xml:39:13-57
253            <intent-filter>
253-->[androidx.profileinstaller:profileinstaller:1.3.1] AndroidManifest.xml:40:13-42:29
254                <action android:name="androidx.profileinstaller.action.INSTALL_PROFILE" />
254-->[androidx.profileinstaller:profileinstaller:1.3.1] AndroidManifest.xml:41:17-91
254-->[androidx.profileinstaller:profileinstaller:1.3.1] AndroidManifest.xml:41:25-88
255            </intent-filter>
256            <intent-filter>
256-->[androidx.profileinstaller:profileinstaller:1.3.1] AndroidManifest.xml:43:13-45:29
257                <action android:name="androidx.profileinstaller.action.SKIP_FILE" />
257-->[androidx.profileinstaller:profileinstaller:1.3.1] AndroidManifest.xml:44:17-85
257-->[androidx.profileinstaller:profileinstaller:1.3.1] AndroidManifest.xml:44:25-82
258            </intent-filter>
259            <intent-filter>
259-->[androidx.profileinstaller:profileinstaller:1.3.1] AndroidManifest.xml:46:13-48:29
260                <action android:name="androidx.profileinstaller.action.SAVE_PROFILE" />
260-->[androidx.profileinstaller:profileinstaller:1.3.1] AndroidManifest.xml:47:17-88
260-->[androidx.profileinstaller:profileinstaller:1.3.1] AndroidManifest.xml:47:25-85
261            </intent-filter>
262            <intent-filter>
262-->[androidx.profileinstaller:profileinstaller:1.3.1] AndroidManifest.xml:49:13-51:29
263                <action android:name="androidx.profileinstaller.action.BENCHMARK_OPERATION" />
263-->[androidx.profileinstaller:profileinstaller:1.3.1] AndroidManifest.xml:50:17-95
263-->[androidx.profileinstaller:profileinstaller:1.3.1] AndroidManifest.xml:50:25-92
264            </intent-filter>
265        </receiver>
266
267        <service
267-->[com.google.android.datatransport:transport-backend-cct:3.1.9] AndroidManifest.xml:28:9-34:19
268            android:name="com.google.android.datatransport.runtime.backends.TransportBackendDiscovery"
268-->[com.google.android.datatransport:transport-backend-cct:3.1.9] AndroidManifest.xml:29:13-103
269            android:exported="false" >
269-->[com.google.android.datatransport:transport-backend-cct:3.1.9] AndroidManifest.xml:30:13-37
270            <meta-data
270-->[com.google.android.datatransport:transport-backend-cct:3.1.9] AndroidManifest.xml:31:13-33:39
271                android:name="backend:com.google.android.datatransport.cct.CctBackendFactory"
271-->[com.google.android.datatransport:transport-backend-cct:3.1.9] AndroidManifest.xml:32:17-94
272                android:value="cct" />
272-->[com.google.android.datatransport:transport-backend-cct:3.1.9] AndroidManifest.xml:33:17-36
273        </service>
274        <service
274-->[com.google.android.datatransport:transport-runtime:3.1.9] AndroidManifest.xml:26:9-30:19
275            android:name="com.google.android.datatransport.runtime.scheduling.jobscheduling.JobInfoSchedulerService"
275-->[com.google.android.datatransport:transport-runtime:3.1.9] AndroidManifest.xml:27:13-117
276            android:exported="false"
276-->[com.google.android.datatransport:transport-runtime:3.1.9] AndroidManifest.xml:28:13-37
277            android:permission="android.permission.BIND_JOB_SERVICE" >